<?xml version="1.0" encoding="UTF-8"?>
<testng-results skipped="0" failed="0" total="1" passed="1">
  <reporter-output>
  </reporter-output>
  <suite name="Default suite" duration-ms="17959" started-at="2020-06-10T13:01:19Z" finished-at="2020-06-10T13:01:37Z">
    <groups>
    </groups>
    <test name="Default test" duration-ms="17959" started-at="2020-06-10T13:01:19Z" finished-at="2020-06-10T13:01:37Z">
      <class name="Selenium4.SeleniumFeatures">
        <test-method status="PASS" signature="Location()[pri:0, instance:Selenium4.SeleniumFeatures@5ba23b66]" name="Location" duration-ms="17935" started-at="2020-06-10T21:01:19Z" finished-at="2020-06-10T21:01:37Z">
          <reporter-output>
          </reporter-output>
        </test-method> <!-- Location -->
      </class> <!-- Selenium4.SeleniumFeatures -->
    </test> <!-- Default test -->
  </suite> <!-- Default suite -->
</testng-results>
